Command line:
   adder1b_tb_isim_beh.exe
     -simmode  gui
     -simrunnum  0
     -socket  41939

Thu Nov 18 11:12:48 2021


 Elaboration Time: 0.07 sec

 Current Memory Usage: 184.345 Meg

 Total Signals          : 35
 Total Nets             : 30
 Total Signal Drivers   : 5
 Total Blocks           : 5
 Total Primitive Blocks : 4
 Total Processes        : 3
 Total Traceable Variables  : 13
 Total Scalar Nets and Variables : 513
Total Line Count : 11

 Total Simulation Time: 0.08 sec

 Current Memory Usage: 259.846 Meg

Thu Nov 18 11:12:51 2021

