Command line:
   adder4b_tb_isim_beh.exe
     -simmode  gui
     -simrunnum  0
     -socket  47665

Thu Nov 18 11:13:07 2021


 Elaboration Time: 0.01 sec

 Current Memory Usage: 184.447 Meg

 Total Signals          : 58
 Total Nets             : 42
 Total Signal Drivers   : 11
 Total Blocks           : 12
 Total Primitive Blocks : 10
 Total Processes        : 9
 Total Traceable Variables  : 15
 Total Scalar Nets and Variables : 543
Total Line Count : 22

 Total Simulation Time: 0.02 sec

 Current Memory Usage: 259.949 Meg

Thu Nov 18 11:13:13 2021

