Command line:
   v2to4dec_tb_isim_beh.exe
     -simmode  gui
     -simrunnum  0
     -socket  56963

Thu Nov 18 11:13:32 2021


 Elaboration Time: 0.01 sec

 Current Memory Usage: 184.25 Meg

 Total Signals          : 39
 Total Nets             : 32
 Total Signal Drivers   : 7
 Total Blocks           : 4
 Total Primitive Blocks : 3
 Total Processes        : 5
 Total Traceable Variables  : 8
 Total Scalar Nets and Variables : 392
Total Line Count : 15

 Total Simulation Time: 0.03 sec

 Current Memory Usage: 259.752 Meg

Thu Nov 18 11:13:39 2021

